  MaterialComponent.cpp
C:\Users\lewis\Documents\GitHub\Games-Programming-3\Coursework\GP2 Submission\Components\TransformComponent.h(51,50): warning C4244: 'return': conversion from 'double' to 'float', possible loss of data
  (compiling source file 'Components/MaterialComponent.cpp')
  
C:\Users\lewis\Documents\GitHub\Games-Programming-3\Coursework\GP2 Submission\TextureLoader.h(23,10): warning C4101: 'textureId': unreferenced local variable
  (compiling source file 'Components/MaterialComponent.cpp')
  
  Display.cpp
C:\Users\lewis\Documents\GitHub\Games-Programming-3\Coursework\GP2 Submission\Components\TransformComponent.h(51,50): warning C4244: 'return': conversion from 'double' to 'float', possible loss of data
  (compiling source file 'Display.cpp')
  
  GameObject.cpp
  Game.cpp
C:\Users\lewis\Documents\GitHub\Games-Programming-3\Coursework\GP2 Submission\Components\TransformComponent.h(51,50): warning C4244: 'return': conversion from 'double' to 'float', possible loss of data
  (compiling source file 'Game.cpp')
  
C:\Users\lewis\Documents\GitHub\Games-Programming-3\Coursework\GP2 Submission\Player.h(15,8): warning C4227: anachronism used: qualifiers on reference are ignored
  (compiling source file 'Game.cpp')
  
C:\Users\lewis\Documents\GitHub\Games-Programming-3\Coursework\GP2 Submission\MainGame.h(12,10): warning C4067: unexpected tokens following preprocessor directive - expected a newline
  (compiling source file 'Game.cpp')
  
C:\Users\lewis\Documents\GitHub\Games-Programming-3\Coursework\GP2 Submission\TextureLoader.h(23,10): warning C4101: 'textureId': unreferenced local variable
  (compiling source file 'Game.cpp')
  
C:\Users\lewis\Documents\GitHub\Games-Programming-3\Coursework\GP2 Submission\Scene\GameScene.h(11,10): warning C4067: unexpected tokens following preprocessor directive - expected a newline
  (compiling source file 'Game.cpp')
  
  MainGame.cpp
C:\Users\lewis\Documents\GitHub\Games-Programming-3\Coursework\GP2 Submission\Components\TransformComponent.h(51,50): warning C4244: 'return': conversion from 'double' to 'float', possible loss of data
  (compiling source file 'MainGame.cpp')
  
C:\Users\lewis\Documents\GitHub\Games-Programming-3\Coursework\GP2 Submission\Player.h(15,8): warning C4227: anachronism used: qualifiers on reference are ignored
  (compiling source file 'MainGame.cpp')
  
C:\Users\lewis\Documents\GitHub\Games-Programming-3\Coursework\GP2 Submission\MainGame.h(12,10): warning C4067: unexpected tokens following preprocessor directive - expected a newline
  (compiling source file 'MainGame.cpp')
  
C:\Users\lewis\Documents\GitHub\Games-Programming-3\Coursework\GP2 Submission\TextureLoader.h(23,10): warning C4101: 'textureId': unreferenced local variable
  (compiling source file 'MainGame.cpp')
  
C:\Users\lewis\Documents\GitHub\Games-Programming-3\Coursework\GP2 Submission\Scene\GameScene.h(11,10): warning C4067: unexpected tokens following preprocessor directive - expected a newline
  (compiling source file 'MainGame.cpp')
  
  Audio.cpp
  ModelManager.cpp
C:\Users\lewis\Documents\GitHub\Games-Programming-3\Coursework\GP2 Submission\ModelManager.cpp(91,36): warning C4267: 'argument': conversion from 'size_t' to 'rapidjson::SizeType', possible loss of data
  Player.cpp
C:\Users\lewis\Documents\GitHub\Games-Programming-3\Coursework\GP2 Submission\Components\TransformComponent.h(51,50): warning C4244: 'return': conversion from 'double' to 'float', possible loss of data
  (compiling source file 'Player.cpp')
  
C:\Users\lewis\Documents\GitHub\Games-Programming-3\Coursework\GP2 Submission\Player.h(15,8): warning C4227: anachronism used: qualifiers on reference are ignored
  (compiling source file 'Player.cpp')
  
C:\Users\lewis\Documents\GitHub\Games-Programming-3\Coursework\GP2 Submission\TextureLoader.h(23,10): warning C4101: 'textureId': unreferenced local variable
  (compiling source file 'Player.cpp')
  
  PlayerController.cpp
C:\Users\lewis\Documents\GitHub\Games-Programming-3\Coursework\GP2 Submission\Components\TransformComponent.h(51,50): warning C4244: 'return': conversion from 'double' to 'float', possible loss of data
  (compiling source file 'PlayerController.cpp')
  
C:\Users\lewis\Documents\GitHub\Games-Programming-3\Coursework\GP2 Submission\PlayerController.cpp(48,17): warning C4244: 'initializing': conversion from 'double' to 'float', possible loss of data
  Entity.cpp
C:\Users\lewis\Documents\GitHub\Games-Programming-3\Coursework\GP2 Submission\Components\TransformComponent.h(51,50): warning C4244: 'return': conversion from 'double' to 'float', possible loss of data
  (compiling source file 'Scene/Entity.cpp')
  
C:\Users\lewis\Documents\GitHub\Games-Programming-3\Coursework\GP2 Submission\TextureLoader.h(23,10): warning C4101: 'textureId': unreferenced local variable
  (compiling source file 'Scene/Entity.cpp')
  
  GameScene.cpp
C:\Users\lewis\Documents\GitHub\Games-Programming-3\Coursework\GP2 Submission\Components\TransformComponent.h(51,50): warning C4244: 'return': conversion from 'double' to 'float', possible loss of data
  (compiling source file 'Scene/GameScene.cpp')
  
C:\Users\lewis\Documents\GitHub\Games-Programming-3\Coursework\GP2 Submission\Player.h(15,8): warning C4227: anachronism used: qualifiers on reference are ignored
  (compiling source file 'Scene/GameScene.cpp')
  
C:\Users\lewis\Documents\GitHub\Games-Programming-3\Coursework\GP2 Submission\Scene\GameScene.h(11,10): warning C4067: unexpected tokens following preprocessor directive - expected a newline
  (compiling source file 'Scene/GameScene.cpp')
  
C:\Users\lewis\Documents\GitHub\Games-Programming-3\Coursework\GP2 Submission\TextureLoader.h(23,10): warning C4101: 'textureId': unreferenced local variable
  (compiling source file 'Scene/GameScene.cpp')
  
  Scene.cpp
C:\Users\lewis\Documents\GitHub\Games-Programming-3\Coursework\GP2 Submission\Components\TransformComponent.h(51,50): warning C4244: 'return': conversion from 'double' to 'float', possible loss of data
  (compiling source file 'Scene/Scene.cpp')
  
C:\Users\lewis\Documents\GitHub\Games-Programming-3\Coursework\GP2 Submission\TextureLoader.h(23,10): warning C4101: 'textureId': unreferenced local variable
  (compiling source file 'Scene/Scene.cpp')
  
  Shader.cpp
C:\Users\lewis\Documents\GitHub\Games-Programming-3\Coursework\GP2 Submission\Components\TransformComponent.h(51,50): warning C4244: 'return': conversion from 'double' to 'float', possible loss of data
  (compiling source file 'Shader.cpp')
  
C:\Users\lewis\Documents\GitHub\Games-Programming-3\Coursework\GP2 Submission\Shader.cpp(107,26): warning C4267: '=': conversion from 'size_t' to 'GLint', possible loss of data
  SkyBox.cpp
C:\Users\lewis\Documents\GitHub\Games-Programming-3\Coursework\GP2 Submission\Components\TransformComponent.h(51,50): warning C4244: 'return': conversion from 'double' to 'float', possible loss of data
  (compiling source file 'SkyBox.cpp')
  
  TextureLoader.cpp
C:\Users\lewis\Documents\GitHub\Games-Programming-3\Coursework\GP2 Submission\TextureLoader.h(23,10): warning C4101: 'textureId': unreferenced local variable
  (compiling source file 'TextureLoader.cpp')
  
  Time.cpp
  Generating Code...
C:\Users\lewis\Documents\GitHub\Games-Programming-3\Coursework\GP2 Submission\TextureLoader.cpp(48): warning C4715: 'TextureLoader::initTexture': not all control paths return a value
  stb_image.c
C:\Users\lewis\Documents\GitHub\Games-Programming-3\Coursework\GP2 Submission\stb_image.c(501,36): warning C4244: 'initializing': conversion from '__int64' to 'int', possible loss of data
C:\Users\lewis\Documents\GitHub\Games-Programming-3\Coursework\GP2 Submission\stb_image.c(514,36): warning C4244: 'initializing': conversion from '__int64' to 'int', possible loss of data
  GP2 Submission.vcxproj -> C:\Users\lewis\Documents\GitHub\Games-Programming-3\Coursework\x64\Debug\GP2 Submission.exe
