  MaterialComponent.cpp
C:\Users\lewis\Desktop\WIP\Games-Programming-3\Coursework\GP2 Submission\Shader.h(2,10): fatal  error C1083: Cannot open include file: 'GL\glew.h': No such file or directory
  Display.cpp
C:\Users\lewis\Desktop\WIP\Games-Programming-3\Coursework\GP2 Submission\Display.h(2,10): fatal  error C1083: Cannot open include file: 'SDL/SDL.h': No such file or directory
  GameObject.cpp
  Game.cpp
C:\Users\lewis\Desktop\WIP\Games-Programming-3\Coursework\GP2 Submission\MainGame.h(3,10): fatal  error C1083: Cannot open include file: 'SDL\SDL.h': No such file or directory
  MainGame.cpp
C:\Users\lewis\Desktop\WIP\Games-Programming-3\Coursework\GP2 Submission\MainGame.h(3,10): fatal  error C1083: Cannot open include file: 'SDL\SDL.h': No such file or directory
  MeshLoader.cpp
C:\Users\lewis\Desktop\WIP\Games-Programming-3\Coursework\GP2 Submission\MeshLoader.h(2,10): fatal  error C1083: Cannot open include file: 'glm\glm.hpp': No such file or directory
  Audio.cpp
C:\Users\lewis\Desktop\WIP\Games-Programming-3\Coursework\GP2 Submission\Audio.h(2,10): fatal  error C1083: Cannot open include file: 'SDL/SDL_mixer.h': No such file or directory
  Player.cpp
C:\Users\lewis\Desktop\WIP\Games-Programming-3\Coursework\GP2 Submission\Camera.h(3,10): fatal  error C1083: Cannot open include file: 'glm/glm.hpp': No such file or directory
  PlayerController.cpp
C:\Users\lewis\Desktop\WIP\Games-Programming-3\Coursework\GP2 Submission\Camera.h(3,10): fatal  error C1083: Cannot open include file: 'glm/glm.hpp': No such file or directory
  Entity.cpp
C:\Users\lewis\Desktop\WIP\Games-Programming-3\Coursework\GP2 Submission\Scene\Entity.h(2,10): fatal  error C1083: Cannot open include file: 'entt\entt.hpp': No such file or directory
  Scene.cpp
C:\Users\lewis\Desktop\WIP\Games-Programming-3\Coursework\GP2 Submission\Scene\Scene.h(2,10): fatal  error C1083: Cannot open include file: 'entt\entt.hpp': No such file or directory
  Shader.cpp
C:\Users\lewis\Desktop\WIP\Games-Programming-3\Coursework\GP2 Submission\Shader.h(2,10): fatal  error C1083: Cannot open include file: 'GL\glew.h': No such file or directory
  SkyBox.cpp
C:\Users\lewis\Desktop\WIP\Games-Programming-3\Coursework\GP2 Submission\Skybox.h(3,10): fatal  error C1083: Cannot open include file: 'GL\glew.h': No such file or directory
  TextureLoader.cpp
C:\Users\lewis\Desktop\WIP\Games-Programming-3\Coursework\GP2 Submission\TextureLoader.h(4,10): fatal  error C1083: Cannot open include file: 'GL\glew.h': No such file or directory
  Time.cpp
C:\Users\lewis\Desktop\WIP\Games-Programming-3\Coursework\GP2 Submission\Time.h(3,10): fatal  error C1083: Cannot open include file: 'SDL\SDL.h': No such file or directory
