c:\users\lewis\desktop\wip\games-programming-3\coursework\gp2 submission\debug\vc143.pdb
c:\users\lewis\desktop\wip\games-programming-3\coursework\gp2 submission\debug\vc143.idb
c:\users\lewis\desktop\wip\games-programming-3\coursework\gp2 submission\debug\time.obj
c:\users\lewis\desktop\wip\games-programming-3\coursework\gp2 submission\debug\textureloader.obj
c:\users\lewis\desktop\wip\games-programming-3\coursework\gp2 submission\debug\skybox.obj
c:\users\lewis\desktop\wip\games-programming-3\coursework\gp2 submission\debug\shader.obj
c:\users\lewis\desktop\wip\games-programming-3\coursework\gp2 submission\debug\scene.obj
c:\users\lewis\desktop\wip\games-programming-3\coursework\gp2 submission\debug\entity.obj
c:\users\lewis\desktop\wip\games-programming-3\coursework\gp2 submission\debug\playercontroller.obj
c:\users\lewis\desktop\wip\games-programming-3\coursework\gp2 submission\debug\player.obj
c:\users\lewis\desktop\wip\games-programming-3\coursework\gp2 submission\debug\audio.obj
c:\users\lewis\desktop\wip\games-programming-3\coursework\gp2 submission\debug\meshloader.obj
c:\users\lewis\desktop\wip\games-programming-3\coursework\gp2 submission\debug\maingame.obj
c:\users\lewis\desktop\wip\games-programming-3\coursework\gp2 submission\debug\game.obj
c:\users\lewis\desktop\wip\games-programming-3\coursework\gp2 submission\debug\gameobject.obj
c:\users\lewis\desktop\wip\games-programming-3\coursework\gp2 submission\debug\display.obj
c:\users\lewis\desktop\wip\games-programming-3\coursework\gp2 submission\debug\materialcomponent.obj
c:\users\lewis\desktop\wip\games-programming-3\coursework\gp2 submission\debug\stb_image.obj
c:\users\lewis\desktop\wip\games-programming-3\coursework\debug\gp2 submission.pdb
c:\users\lewis\desktop\wip\games-programming-3\coursework\gp2 submission\debug\gp2 submission.tlog\cl.command.1.tlog
c:\users\lewis\desktop\wip\games-programming-3\coursework\gp2 submission\debug\gp2 submission.tlog\cl.read.1.tlog
c:\users\lewis\desktop\wip\games-programming-3\coursework\gp2 submission\debug\gp2 submission.tlog\cl.write.1.tlog
c:\users\lewis\desktop\wip\games-programming-3\coursework\gp2 submission\debug\gp2 submission.tlog\link-cvtres.read.1.tlog
c:\users\lewis\desktop\wip\games-programming-3\coursework\gp2 submission\debug\gp2 submission.tlog\link-cvtres.write.1.tlog
c:\users\lewis\desktop\wip\games-programming-3\coursework\gp2 submission\debug\gp2 submission.tlog\link-rc.read.1.tlog
c:\users\lewis\desktop\wip\games-programming-3\coursework\gp2 submission\debug\gp2 submission.tlog\link-rc.write.1.tlog
c:\users\lewis\desktop\wip\games-programming-3\coursework\gp2 submission\debug\gp2 submission.tlog\link.command.1.tlog
c:\users\lewis\desktop\wip\games-programming-3\coursework\gp2 submission\debug\gp2 submission.tlog\link.read.1.tlog
c:\users\lewis\desktop\wip\games-programming-3\coursework\gp2 submission\debug\gp2 submission.tlog\link.write.1.tlog
